TN:
SF:src/app-root.js
FN:9,<static_initializer>
FN:17,firstUpdated
FN:33,render
FNF:3
FNH:3
FNDA:1,<static_initializer>
FNDA:1,firstUpdated
FNDA:1,render
DA:1,1
DA:2,1
DA:3,1
DA:4,1
DA:5,1
DA:6,1
DA:7,1
DA:8,1
DA:9,1
DA:10,1
DA:11,1
DA:12,1
DA:13,1
DA:14,1
DA:15,1
DA:16,1
DA:17,1
DA:18,1
DA:19,1
DA:20,1
DA:21,1
DA:22,1
DA:23,1
DA:24,1
DA:25,1
DA:26,1
DA:27,1
DA:28,1
DA:29,1
DA:30,1
DA:31,1
DA:32,1
DA:33,1
DA:34,1
DA:35,1
DA:36,1
DA:37,1
DA:38,1
DA:39,1
DA:40,1
DA:41,1
LF:41
LH:41
BRDA:1,0,0,1
BRDA:9,1,0,1
BRDA:17,2,0,1
BRDA:33,3,0,1
BRF:4
BRH:4
end_of_record
TN:
SF:src/api/employeesApi.js
FN:11,fetchEmployees
FN:60,clearEmployeeCache
FNF:2
FNH:2
FNDA:2,fetchEmployees
FNDA:10,clearEmployeeCache
DA:1,6
DA:2,6
DA:3,6
DA:4,6
DA:5,6
DA:6,6
DA:7,6
DA:8,6
DA:9,6
DA:10,6
DA:11,6
DA:12,2
DA:13,2
DA:14,2
DA:15,2
DA:16,2
DA:17,2
DA:18,2
DA:19,2
DA:20,0
DA:21,0
DA:22,0
DA:23,2
DA:24,2
DA:25,2
DA:26,0
DA:27,0
DA:28,0
DA:29,0
DA:30,2
DA:31,2
DA:32,2
DA:33,0
DA:34,0
DA:35,0
DA:36,0
DA:37,0
DA:38,2
DA:39,0
DA:40,0
DA:41,0
DA:42,0
DA:43,0
DA:44,0
DA:45,0
DA:46,0
DA:47,2
DA:48,2
DA:49,2
DA:50,2
DA:51,2
DA:52,2
DA:53,2
DA:54,2
DA:55,0
DA:56,0
DA:57,0
DA:58,2
DA:59,6
DA:60,6
DA:61,10
DA:62,10
LF:62
LH:39
BRDA:1,0,0,6
BRDA:11,1,0,6
BRDA:19,2,0,4
BRDA:25,3,0,4
BRDA:33,4,0,4
BRDA:54,5,0,4
BRDA:60,6,0,15
BRF:7
BRH:7
end_of_record
TN:
SF:src/components/app-header/index.js
FN:8,<static_initializer>
FN:9,AppHeader
FN:16,connectedCallback
FN:25,disconnectedCallback
FN:30,_onLangChange
FN:35,_toggleLanguage
FN:40,render
FNF:7
FNH:6
FNDA:2,<static_initializer>
FNDA:7,AppHeader
FNDA:7,connectedCallback
FNDA:7,disconnectedCallback
FNDA:1,_onLangChange
FNDA:0,_toggleLanguage
FNDA:9,render
DA:1,2
DA:2,2
DA:3,2
DA:4,2
DA:5,2
DA:6,2
DA:7,2
DA:8,2
DA:9,2
DA:10,7
DA:11,7
DA:12,7
DA:13,7
DA:14,7
DA:15,2
DA:16,2
DA:17,7
DA:18,7
DA:19,7
DA:20,1
DA:21,1
DA:22,7
DA:23,7
DA:24,2
DA:25,2
DA:26,7
DA:27,7
DA:28,7
DA:29,2
DA:30,2
DA:31,1
DA:32,1
DA:33,1
DA:34,2
DA:35,2
DA:36,0
DA:37,0
DA:38,0
DA:39,2
DA:40,2
DA:41,9
DA:42,9
DA:43,9
DA:44,9
DA:45,9
DA:46,9
DA:47,9
DA:48,9
DA:49,9
DA:50,9
DA:51,9
DA:52,9
DA:53,9
DA:54,9
DA:55,9
DA:56,9
DA:57,9
DA:58,9
DA:59,9
DA:60,9
DA:61,9
DA:62,9
DA:63,9
DA:64,9
DA:65,9
DA:66,9
DA:67,9
DA:68,9
DA:69,9
DA:70,9
DA:71,9
DA:72,9
DA:73,9
DA:74,9
DA:75,9
DA:76,9
DA:77,9
DA:78,9
DA:79,9
DA:80,9
DA:81,9
DA:82,9
DA:83,2
DA:84,2
DA:85,2
LF:85
LH:82
BRDA:1,0,0,2
BRDA:8,1,0,2
BRDA:9,2,0,7
BRDA:16,3,0,7
BRDA:19,4,0,7
BRDA:25,5,0,7
BRDA:40,6,0,9
BRDA:55,7,0,5
BRDA:63,8,0,5
BRDA:73,9,0,1
BRDA:30,10,0,2
BRDA:54,11,0,4
BRDA:64,12,0,4
BRDA:72,13,0,8
BRDA:56,14,0,3
BRDA:65,15,0,3
BRF:16
BRH:16
end_of_record
TN:
SF:src/components/base-element/index.js
FN:5,<static_initializer>
FN:9,BaseElement
FN:15,connectedCallback
FN:20,disconnectedCallback
FN:25,_onLangChange
FN:30,t
FNF:6
FNH:6
FNDA:10,<static_initializer>
FNDA:82,BaseElement
FNDA:82,connectedCallback
FNDA:82,disconnectedCallback
FNDA:1,_onLangChange
FNDA:296,t
DA:1,10
DA:2,10
DA:3,10
DA:4,10
DA:5,10
DA:6,10
DA:7,10
DA:8,10
DA:9,10
DA:10,82
DA:11,82
DA:12,82
DA:13,82
DA:14,10
DA:15,10
DA:16,82
DA:17,82
DA:18,82
DA:19,10
DA:20,10
DA:21,82
DA:22,82
DA:23,82
DA:24,10
DA:25,10
DA:26,1
DA:27,1
DA:28,1
DA:29,10
DA:30,10
DA:31,296
DA:32,296
DA:33,10
DA:34,10
DA:35,10
LF:35
LH:35
BRDA:1,0,0,10
BRDA:5,1,0,10
BRDA:9,2,0,82
BRDA:15,3,0,82
BRDA:20,4,0,82
BRDA:30,5,0,297
BRDA:25,6,0,10
BRF:7
BRH:7
end_of_record
TN:
SF:src/components/delete-modal/index.js
FN:6,<static_initializer>
FN:15,DeleteModal
FN:23,handleDelete
FN:33,handleCancel
FN:42,handleOverlayClick
FN:48,connectedCallback
FN:58,disconnectedCallback
FN:63,render
FN:50,_handleKeyDown
FNF:9
FNH:9
FNDA:4,<static_initializer>
FNDA:19,DeleteModal
FNDA:1,handleDelete
FNDA:2,handleCancel
FNDA:2,handleOverlayClick
FNDA:19,connectedCallback
FNDA:19,disconnectedCallback
FNDA:25,render
FNDA:1,_handleKeyDown
DA:1,4
DA:2,4
DA:3,4
DA:4,4
DA:5,4
DA:6,4
DA:7,4
DA:8,4
DA:9,4
DA:10,4
DA:11,4
DA:12,4
DA:13,4
DA:14,4
DA:15,4
DA:16,19
DA:17,19
DA:18,19
DA:19,19
DA:20,19
DA:21,19
DA:22,4
DA:23,4
DA:24,1
DA:25,1
DA:26,1
DA:27,1
DA:28,1
DA:29,1
DA:30,1
DA:31,1
DA:32,4
DA:33,4
DA:34,2
DA:35,2
DA:36,2
DA:37,2
DA:38,2
DA:39,2
DA:40,2
DA:41,4
DA:42,4
DA:43,2
DA:44,1
DA:45,1
DA:46,2
DA:47,4
DA:48,4
DA:49,19
DA:50,19
DA:51,1
DA:52,1
DA:53,1
DA:54,19
DA:55,19
DA:56,19
DA:57,4
DA:58,4
DA:59,19
DA:60,19
DA:61,19
DA:62,4
DA:63,4
DA:64,25
DA:65,21
DA:66,21
DA:67,4
DA:68,4
DA:69,25
DA:70,0
DA:71,0
DA:72,0
DA:73,5
DA:74,2
DA:75,2
DA:76,2
DA:77,2
DA:78,4
DA:79,4
DA:80,4
DA:81,4
DA:82,4
DA:83,4
DA:84,4
DA:85,4
DA:86,4
DA:87,4
DA:88,4
DA:89,4
DA:90,4
DA:91,4
DA:92,4
DA:93,4
DA:94,4
DA:95,4
DA:96,4
DA:97,4
DA:98,4
DA:99,4
DA:100,4
DA:101,4
DA:102,4
DA:103,4
DA:104,4
DA:105,4
DA:106,4
DA:107,4
DA:108,4
DA:109,4
DA:110,25
DA:111,4
DA:112,4
DA:113,4
LF:113
LH:110
BRDA:1,0,0,4
BRDA:6,1,0,4
BRDA:15,2,0,20
BRDA:23,3,0,4
BRDA:26,4,0,3
BRDA:33,5,0,5
BRDA:42,6,0,5
BRDA:43,7,0,4
BRDA:48,8,0,20
BRDA:50,9,0,16
BRDA:58,10,0,20
BRDA:63,11,0,26
BRDA:64,12,0,22
BRDA:67,13,0,5
BRDA:69,14,0,1
BRDA:69,15,0,1
BRDA:73,16,0,5
BRDA:73,17,0,5
BRDA:78,18,0,5
BRDA:67,19,0,6
BRDA:69,20,0,6
BRF:21
BRH:21
end_of_record
TN:
SF:src/components/employee-form/index.js
FN:7,<static_initializer>
FN:12,EmployeeForm
FN:19,handleSubmit
FN:49,handleCancel
FN:59,render
FNF:5
FNH:4
FNDA:4,<static_initializer>
FNDA:6,EmployeeForm
FNDA:1,handleSubmit
FNDA:0,handleCancel
FNDA:8,render
DA:1,4
DA:2,4
DA:3,4
DA:4,4
DA:5,4
DA:6,4
DA:7,4
DA:8,4
DA:9,4
DA:10,4
DA:11,4
DA:12,4
DA:13,6
DA:14,6
DA:15,6
DA:16,4
DA:17,4
DA:18,4
DA:19,4
DA:20,1
DA:21,1
DA:22,1
DA:23,1
DA:24,0
DA:25,0
DA:26,0
DA:27,1
DA:28,1
DA:29,1
DA:30,1
DA:31,1
DA:32,0
DA:33,0
DA:34,1
DA:35,1
DA:36,1
DA:37,1
DA:38,1
DA:39,1
DA:40,1
DA:41,1
DA:42,1
DA:43,1
DA:44,1
DA:45,1
DA:46,1
DA:47,1
DA:48,4
DA:49,4
DA:50,0
DA:51,0
DA:52,0
DA:53,0
DA:54,0
DA:55,0
DA:56,0
DA:57,0
DA:58,4
DA:59,4
DA:60,8
DA:61,8
DA:62,8
DA:63,8
DA:64,8
DA:65,8
DA:66,8
DA:67,8
DA:68,8
DA:69,1
DA:70,1
DA:71,1
DA:72,8
DA:73,8
DA:74,8
DA:75,8
DA:76,8
DA:77,8
DA:78,8
DA:79,8
DA:80,8
DA:81,8
DA:82,8
DA:83,8
DA:84,8
DA:85,8
DA:86,8
DA:87,8
DA:88,8
DA:89,8
DA:90,8
DA:91,8
DA:92,8
DA:93,8
DA:94,8
DA:95,8
DA:96,8
DA:97,8
DA:98,8
DA:99,8
DA:100,8
DA:101,8
DA:102,8
DA:103,8
DA:104,8
DA:105,8
DA:106,8
DA:107,8
DA:108,8
DA:109,8
DA:110,8
DA:111,8
DA:112,8
DA:113,8
DA:114,8
DA:115,8
DA:116,8
DA:117,8
DA:118,8
DA:119,8
DA:120,8
DA:121,8
DA:122,8
DA:123,8
DA:124,8
DA:125,8
DA:126,8
DA:127,8
DA:128,8
DA:129,8
DA:130,8
DA:131,8
DA:132,8
DA:133,8
DA:134,8
DA:135,8
DA:136,8
DA:137,8
DA:138,8
DA:139,8
DA:140,8
DA:141,8
DA:142,8
DA:143,8
DA:144,8
DA:145,8
DA:146,8
DA:147,8
DA:148,8
DA:149,8
DA:150,8
DA:151,8
DA:152,8
DA:153,8
DA:154,8
DA:155,8
DA:156,8
DA:157,8
DA:158,8
DA:159,8
DA:160,8
DA:161,8
DA:162,8
DA:163,8
DA:164,8
DA:165,8
DA:166,8
DA:167,8
DA:168,8
DA:169,8
DA:170,8
DA:171,8
DA:172,8
DA:173,8
DA:174,8
DA:175,8
DA:176,8
DA:177,8
DA:178,8
DA:179,8
DA:180,8
DA:181,4
DA:182,4
DA:183,4
LF:183
LH:170
BRDA:1,0,0,4
BRDA:7,1,0,4
BRDA:12,2,0,7
BRDA:19,3,0,4
BRDA:23,4,0,3
BRDA:31,5,0,3
BRDA:44,6,0,3
BRDA:59,7,0,9
BRDA:68,8,0,2
BRDA:72,9,0,8
BRDA:78,10,0,2
BRDA:78,11,0,8
BRDA:89,12,0,2
BRDA:89,13,0,8
BRDA:99,14,0,2
BRDA:99,15,0,8
BRDA:109,16,0,2
BRDA:109,17,0,8
BRDA:119,18,0,2
BRDA:119,19,0,8
BRDA:131,20,0,2
BRDA:131,21,0,8
BRDA:141,22,0,2
BRDA:141,23,0,8
BRDA:154,24,0,2
BRDA:154,25,0,8
BRDA:167,26,0,2
BRDA:167,27,0,8
BRF:28
BRH:28
end_of_record
TN:
SF:src/components/employee-list/index.js
FN:9,<static_initializer>
FN:21,EmployeeList
FN:33,handleEdit
FN:37,handleDeleteClick
FN:43,handleDeleteSelected
FN:49,handleConfirmDelete
FN:64,handleCancelDelete
FN:70,toggleSearch
FN:81,search
FN:86,renderSearchInput
FN:104,toggleSelect
FN:115,toggleSelectAll
FN:121,render
FNF:13
FNH:10
FNDA:3,<static_initializer>
FNDA:14,EmployeeList
FNDA:1,handleEdit
FNDA:0,handleDeleteClick
FNDA:0,handleDeleteSelected
FNDA:2,handleConfirmDelete
FNDA:1,handleCancelDelete
FNDA:0,toggleSearch
FNDA:1,search
FNDA:1,renderSearchInput
FNDA:2,toggleSelect
FNDA:2,toggleSelectAll
FNDA:20,render
DA:1,3
DA:2,3
DA:3,3
DA:4,3
DA:5,3
DA:6,3
DA:7,3
DA:8,3
DA:9,3
DA:10,3
DA:11,3
DA:12,3
DA:13,3
DA:14,3
DA:15,3
DA:16,3
DA:17,3
DA:18,3
DA:19,3
DA:20,3
DA:21,3
DA:22,14
DA:23,14
DA:24,14
DA:25,14
DA:26,14
DA:27,14
DA:28,14
DA:29,14
DA:30,14
DA:31,14
DA:32,3
DA:33,3
DA:34,1
DA:35,1
DA:36,3
DA:37,3
DA:38,0
DA:39,0
DA:40,0
DA:41,0
DA:42,3
DA:43,3
DA:44,0
DA:45,0
DA:46,0
DA:47,0
DA:48,3
DA:49,3
DA:50,2
DA:51,1
DA:52,2
DA:53,1
DA:54,1
DA:55,1
DA:56,1
DA:57,1
DA:58,1
DA:59,2
DA:60,2
DA:61,2
DA:62,2
DA:63,3
DA:64,3
DA:65,1
DA:66,1
DA:67,1
DA:68,1
DA:69,3
DA:70,3
DA:71,0
DA:72,0
DA:73,0
DA:74,0
DA:75,0
DA:76,0
DA:77,0
DA:78,0
DA:79,0
DA:80,3
DA:81,3
DA:82,1
DA:83,1
DA:84,1
DA:85,3
DA:86,3
DA:87,1
DA:88,1
DA:89,1
DA:90,1
DA:91,1
DA:92,1
DA:93,1
DA:94,1
DA:95,1
DA:96,1
DA:97,1
DA:98,1
DA:99,1
DA:100,1
DA:101,1
DA:102,1
DA:103,3
DA:104,3
DA:105,2
DA:106,1
DA:107,1
DA:108,1
DA:109,1
DA:110,1
DA:111,1
DA:112,2
DA:113,2
DA:114,3
DA:115,3
DA:116,2
DA:117,2
DA:118,2
DA:119,2
DA:120,3
DA:121,3
DA:122,20
DA:123,20
DA:124,20
DA:125,20
DA:126,20
DA:127,20
DA:128,20
DA:129,20
DA:130,20
DA:131,20
DA:132,20
DA:133,20
DA:134,20
DA:135,20
DA:136,20
DA:137,20
DA:138,20
DA:139,20
DA:140,20
DA:141,20
DA:142,20
DA:143,20
DA:144,20
DA:145,20
DA:146,20
DA:147,20
DA:148,20
DA:149,20
DA:150,20
DA:151,20
DA:152,20
DA:153,20
DA:154,20
DA:155,20
DA:156,20
DA:157,20
DA:158,20
DA:159,20
DA:160,20
DA:161,20
DA:162,20
DA:163,20
DA:164,20
DA:165,20
DA:166,20
DA:167,20
DA:168,20
DA:169,20
DA:170,20
DA:171,20
DA:172,20
DA:173,20
DA:174,20
DA:175,20
DA:176,20
DA:177,20
DA:178,20
DA:179,20
DA:180,20
DA:181,20
DA:182,20
DA:183,20
DA:184,20
DA:185,20
DA:186,20
DA:187,20
DA:188,20
DA:189,20
DA:190,20
DA:191,0
DA:192,0
DA:193,0
DA:194,0
DA:195,0
DA:196,20
DA:197,20
DA:198,20
DA:199,20
DA:200,20
DA:201,20
DA:202,20
DA:203,33
DA:204,33
DA:205,33
DA:206,33
DA:207,33
DA:208,33
DA:209,33
DA:210,33
DA:211,33
DA:212,33
DA:213,33
DA:214,33
DA:215,33
DA:216,33
DA:217,33
DA:218,33
DA:219,33
DA:220,33
DA:221,33
DA:222,33
DA:223,33
DA:224,33
DA:225,33
DA:226,33
DA:227,33
DA:228,33
DA:229,33
DA:230,33
DA:231,33
DA:232,20
DA:233,20
DA:234,20
DA:235,20
DA:236,20
DA:237,3
DA:238,3
DA:239,3
LF:239
LH:217
BRDA:1,0,0,3
BRDA:9,1,0,3
BRDA:21,2,0,15
BRDA:33,3,0,3
BRDA:49,4,0,4
BRDA:50,5,0,3
BRDA:51,6,0,4
BRDA:64,7,0,3
BRDA:81,8,0,3
BRDA:82,9,0,2
BRDA:86,10,0,3
BRDA:87,11,0,2
BRDA:104,12,0,4
BRDA:105,13,0,3
BRDA:107,14,0,3
BRDA:115,15,0,4
BRDA:117,16,0,3
BRDA:117,17,0,3
BRDA:117,18,0,3
BRDA:121,19,0,21
BRDA:130,20,0,1
BRDA:132,21,0,1
BRDA:150,22,0,2
BRDA:151,23,0,20
BRDA:155,24,0,1
BRDA:160,25,0,1
BRDA:165,26,0,1
BRDA:170,27,0,1
BRDA:175,28,0,1
BRDA:180,29,0,1
BRDA:185,30,0,1
BRDA:190,31,0,1
BRDA:201,32,0,1
BRDA:202,33,0,34
BRDA:214,34,0,8
BRDA:218,35,0,8
BRDA:219,36,0,8
BRDA:223,37,0,9
BRDA:218,38,0,27
BRDA:219,39,0,27
BRF:40
BRH:40
end_of_record
TN:
SF:src/components/pages-header/index.js
FN:6,<static_initializer>
FN:14,PagesHeader
FN:22,_setView
FN:33,render
FNF:4
FNH:4
FNDA:5,<static_initializer>
FNDA:22,PagesHeader
FNDA:2,_setView
FNDA:26,render
DA:1,5
DA:2,5
DA:3,5
DA:4,5
DA:5,5
DA:6,5
DA:7,5
DA:8,5
DA:9,5
DA:10,5
DA:11,5
DA:12,5
DA:13,5
DA:14,5
DA:15,22
DA:16,22
DA:17,22
DA:18,22
DA:19,22
DA:20,22
DA:21,5
DA:22,5
DA:23,2
DA:24,2
DA:25,2
DA:26,2
DA:27,2
DA:28,2
DA:29,2
DA:30,2
DA:31,2
DA:32,5
DA:33,5
DA:34,26
DA:35,26
DA:36,26
DA:37,26
DA:38,26
DA:39,26
DA:40,26
DA:41,26
DA:42,26
DA:43,21
DA:44,21
DA:45,21
DA:46,21
DA:47,21
DA:48,21
DA:49,21
DA:50,21
DA:51,21
DA:52,21
DA:53,21
DA:54,21
DA:55,21
DA:56,21
DA:57,21
DA:58,26
DA:59,26
DA:60,26
DA:61,26
DA:62,5
DA:63,5
DA:64,5
LF:64
LH:64
BRDA:1,0,0,5
BRDA:6,1,0,5
BRDA:14,2,0,22
BRDA:33,3,0,26
BRDA:45,4,0,4
BRDA:51,5,0,4
BRDA:58,6,0,5
BRDA:22,7,0,6
BRDA:42,8,0,21
BRDA:45,9,0,17
BRDA:51,10,0,17
BRDA:46,11,0,13
BRDA:52,12,0,13
BRF:13
BRH:13
end_of_record
TN:
SF:src/i18n/en.js
FNF:0
FNH:0
DA:1,10
DA:2,10
DA:3,10
DA:4,10
DA:5,10
DA:6,10
DA:7,10
DA:8,10
DA:9,10
DA:10,10
DA:11,10
DA:12,10
DA:13,10
DA:14,10
DA:15,10
DA:16,10
DA:17,10
DA:18,10
DA:19,10
DA:20,10
DA:21,10
DA:22,10
DA:23,10
DA:24,10
DA:25,10
DA:26,10
DA:27,10
DA:28,10
DA:29,10
DA:30,10
DA:31,10
DA:32,10
LF:32
LH:32
BRDA:1,0,0,10
BRF:1
BRH:1
end_of_record
TN:
SF:src/i18n/index.js
FN:6,t
FN:11,setLanguage
FNF:2
FNH:1
FNDA:305,t
FNDA:0,setLanguage
DA:1,10
DA:2,10
DA:3,10
DA:4,10
DA:5,10
DA:6,10
DA:7,305
DA:8,305
DA:9,305
DA:10,10
DA:11,10
DA:12,0
DA:13,0
DA:14,0
LF:14
LH:11
BRDA:1,0,0,10
BRDA:6,1,0,306
BRDA:8,2,0,2
BRF:3
BRH:3
end_of_record
TN:
SF:src/i18n/tr.js
FNF:0
FNH:0
DA:1,10
DA:2,10
DA:3,10
DA:4,10
DA:5,10
DA:6,10
DA:7,10
DA:8,10
DA:9,10
DA:10,10
DA:11,10
DA:12,10
DA:13,10
DA:14,10
DA:15,10
DA:16,10
DA:17,10
DA:18,10
DA:19,10
DA:20,10
DA:21,10
DA:22,10
DA:23,10
DA:24,10
DA:25,10
DA:26,10
DA:27,10
DA:28,10
DA:29,10
DA:30,10
DA:31,10
DA:32,10
DA:33,10
LF:33
LH:33
BRDA:1,0,0,10
BRF:1
BRH:1
end_of_record
TN:
SF:src/pages/add-new-employee/index.js
FN:8,<static_initializer>
FN:10,handleAdd
FN:15,handleCancel
FN:19,render
FNF:4
FNH:4
FNDA:2,<static_initializer>
FNDA:1,handleAdd
FNDA:1,handleCancel
FNDA:3,render
DA:1,2
DA:2,2
DA:3,2
DA:4,2
DA:5,2
DA:6,2
DA:7,2
DA:8,2
DA:9,2
DA:10,2
DA:11,1
DA:12,1
DA:13,1
DA:14,2
DA:15,2
DA:16,1
DA:17,1
DA:18,2
DA:19,2
DA:20,3
DA:21,3
DA:22,3
DA:23,3
DA:24,3
DA:25,3
DA:26,3
DA:27,3
DA:28,3
DA:29,3
DA:30,3
DA:31,3
DA:32,3
DA:33,2
DA:34,2
DA:35,2
LF:35
LH:35
BRDA:1,0,0,2
BRDA:8,1,0,2
BRDA:10,2,0,2
BRDA:15,3,0,2
BRDA:19,4,0,4
BRF:5
BRH:5
end_of_record
TN:
SF:src/pages/edit-employee/index.js
FN:8,<static_initializer>
FN:15,connectedCallback
FN:26,handleSave
FN:33,render
FNF:4
FNH:3
FNDA:2,<static_initializer>
FNDA:1,connectedCallback
FNDA:0,handleSave
FNDA:1,render
DA:1,2
DA:2,2
DA:3,2
DA:4,2
DA:5,2
DA:6,2
DA:7,2
DA:8,2
DA:9,2
DA:10,2
DA:11,2
DA:12,2
DA:13,2
DA:14,2
DA:15,2
DA:16,1
DA:17,1
DA:18,1
DA:19,1
DA:20,1
DA:21,1
DA:22,1
DA:23,1
DA:24,1
DA:25,2
DA:26,2
DA:27,0
DA:28,0
DA:29,0
DA:30,0
DA:31,0
DA:32,2
DA:33,2
DA:34,1
DA:35,1
DA:36,1
DA:37,1
DA:38,1
DA:39,1
DA:40,1
DA:41,1
DA:42,1
DA:43,1
DA:44,2
DA:45,2
DA:46,2
LF:46
LH:41
BRDA:1,0,0,2
BRDA:8,1,0,2
BRDA:15,2,0,2
BRDA:33,3,0,2
BRF:4
BRH:4
end_of_record
TN:
SF:src/pages/employees-page/index.js
FN:14,<static_initializer>
FN:20,EmployeesPage
FN:26,connectedCallback
FN:32,disconnectedCallback
FN:37,_onViewChange
FN:41,_handlePageChange
FN:50,_handleDeleteEmployee
FN:62,_handleEditEmployee
FN:67,_renderPaginationButtons
FN:118,render
FNF:10
FNH:10
FNDA:2,<static_initializer>
FNDA:11,EmployeesPage
FNDA:11,connectedCallback
FNDA:11,disconnectedCallback
FNDA:1,_onViewChange
FNDA:2,_handlePageChange
FNDA:2,_handleDeleteEmployee
FNDA:1,_handleEditEmployee
FNDA:14,_renderPaginationButtons
FNDA:12,render
DA:1,2
DA:2,2
DA:3,2
DA:4,2
DA:5,2
DA:6,2
DA:7,2
DA:8,2
DA:9,2
DA:10,2
DA:11,2
DA:12,2
DA:13,2
DA:14,2
DA:15,2
DA:16,2
DA:17,2
DA:18,2
DA:19,2
DA:20,2
DA:21,11
DA:22,11
DA:23,11
DA:24,11
DA:25,2
DA:26,2
DA:27,11
DA:28,11
DA:29,11
DA:30,11
DA:31,2
DA:32,2
DA:33,11
DA:34,11
DA:35,11
DA:36,2
DA:37,2
DA:38,1
DA:39,1
DA:40,2
DA:41,2
DA:42,2
DA:43,2
DA:44,2
DA:45,2
DA:46,1
DA:47,1
DA:48,2
DA:49,2
DA:50,2
DA:51,2
DA:52,2
DA:53,2
DA:54,2
DA:55,1
DA:56,1
DA:57,1
DA:58,1
DA:59,1
DA:60,2
DA:61,2
DA:62,2
DA:63,1
DA:64,1
DA:65,1
DA:66,2
DA:67,2
DA:68,14
DA:69,14
DA:70,14
DA:71,14
DA:72,14
DA:73,14
DA:74,2
DA:75,0
DA:76,0
DA:77,14
DA:78,12
DA:79,12
DA:80,12
DA:81,0
DA:82,0
DA:83,0
DA:84,0
DA:85,0
DA:86,0
DA:87,0
DA:88,0
DA:89,0
DA:90,0
DA:91,0
DA:92,0
DA:93,0
DA:94,0
DA:95,0
DA:96,0
DA:97,0
DA:98,0
DA:99,0
DA:100,0
DA:101,12
DA:102,14
DA:103,14
DA:104,84
DA:105,84
DA:106,84
DA:107,72
DA:108,72
DA:109,72
DA:110,72
DA:111,72
DA:112,72
DA:113,72
DA:114,72
DA:115,14
DA:116,14
DA:117,2
DA:118,2
DA:119,12
DA:120,12
DA:121,12
DA:122,12
DA:123,12
DA:124,12
DA:125,12
DA:126,12
DA:127,12
DA:128,12
DA:129,12
DA:130,12
DA:131,12
DA:132,12
DA:133,12
DA:134,12
DA:135,12
DA:136,12
DA:137,12
DA:138,12
DA:139,5
DA:140,5
DA:141,5
DA:142,12
DA:143,7
DA:144,7
DA:145,7
DA:146,7
DA:147,7
DA:148,7
DA:149,7
DA:150,0
DA:151,0
DA:152,0
DA:153,7
DA:154,12
DA:155,12
DA:156,12
DA:157,12
DA:158,12
DA:159,12
DA:160,12
DA:161,12
DA:162,12
DA:163,12
DA:164,12
DA:165,12
DA:166,12
DA:167,12
DA:168,12
DA:169,12
DA:170,12
DA:171,12
DA:172,12
DA:173,12
DA:174,12
DA:175,12
DA:176,12
DA:177,12
DA:178,12
DA:179,12
DA:180,2
DA:181,2
DA:182,2
LF:182
LH:157
BRDA:1,0,0,2
BRDA:14,1,0,2
BRDA:20,2,0,11
BRDA:26,3,0,11
BRDA:28,4,0,2
BRDA:32,5,0,11
BRDA:67,6,0,14
BRDA:74,7,0,0
BRDA:77,8,0,12
BRDA:118,9,0,12
BRDA:142,10,0,7
BRDA:160,11,0,2
BRDA:171,12,0,0
BRDA:37,13,0,2
BRDA:41,14,0,3
BRDA:45,15,0,2
BRDA:45,16,0,2
BRDA:50,17,0,3
BRDA:55,18,0,2
BRDA:62,19,0,2
BRDA:73,20,0,2
BRDA:80,21,0,0
BRDA:103,22,0,85
BRDA:105,23,0,13
BRDA:106,24,0,73
BRDA:108,25,0,13
BRDA:108,26,0,61
BRDA:138,27,0,5
BRDA:149,28,0,0
BRF:29
BRH:25
end_of_record
TN:
SF:src/store/employeesStore.js
FN:14,getEmployees
FN:40,setPage
FN:45,setPageSize
FN:50,setSearchQuery
FN:56,selectEmployee
FN:60,updateEmployee
FN:82,deleteEmployee
FN:107,addEmployee
FN:133,reset
FN:148,selectTotalPages
FN:151,selectHasNextPage
FN:154,selectHasPreviousPage
FNF:12
FNH:9
FNDA:2,getEmployees
FNDA:1,setPage
FNDA:1,setPageSize
FNDA:1,setSearchQuery
FNDA:1,selectEmployee
FNDA:0,updateEmployee
FNDA:0,deleteEmployee
FNDA:0,addEmployee
FNDA:9,reset
FNDA:31,selectTotalPages
FNDA:14,selectHasNextPage
FNDA:14,selectHasPreviousPage
DA:1,6
DA:2,6
DA:3,6
DA:4,6
DA:5,6
DA:6,6
DA:7,6
DA:8,6
DA:9,6
DA:10,6
DA:11,6
DA:12,6
DA:13,6
DA:14,6
DA:15,2
DA:16,2
DA:17,2
DA:18,2
DA:19,2
DA:20,2
DA:21,2
DA:22,2
DA:23,2
DA:24,2
DA:25,0
DA:26,0
DA:27,0
DA:28,0
DA:29,0
DA:30,0
DA:31,0
DA:32,0
DA:33,0
DA:34,0
DA:35,0
DA:36,0
DA:37,0
DA:38,6
DA:39,6
DA:40,6
DA:41,1
DA:42,1
DA:43,6
DA:44,6
DA:45,6
DA:46,1
DA:47,1
DA:48,6
DA:49,6
DA:50,6
DA:51,1
DA:52,1
DA:53,1
DA:54,6
DA:55,6
DA:56,6
DA:57,1
DA:58,6
DA:59,6
DA:60,6
DA:61,0
DA:62,0
DA:63,0
DA:64,0
DA:65,0
DA:66,0
DA:67,0
DA:68,0
DA:69,0
DA:70,0
DA:71,0
DA:72,0
DA:73,0
DA:74,0
DA:75,0
DA:76,0
DA:77,0
DA:78,0
DA:79,0
DA:80,6
DA:81,6
DA:82,6
DA:83,0
DA:84,0
DA:85,0
DA:86,0
DA:87,0
DA:88,0
DA:89,0
DA:90,0
DA:91,0
DA:92,0
DA:93,0
DA:94,0
DA:95,0
DA:96,0
DA:97,0
DA:98,0
DA:99,0
DA:100,0
DA:101,0
DA:102,0
DA:103,0
DA:104,0
DA:105,6
DA:106,6
DA:107,6
DA:108,0
DA:109,0
DA:110,0
DA:111,0
DA:112,0
DA:113,0
DA:114,0
DA:115,0
DA:116,0
DA:117,0
DA:118,0
DA:119,0
DA:120,0
DA:121,0
DA:122,0
DA:123,0
DA:124,0
DA:125,0
DA:126,0
DA:127,0
DA:128,0
DA:129,0
DA:130,0
DA:131,6
DA:132,6
DA:133,6
DA:134,9
DA:135,9
DA:136,9
DA:137,9
DA:138,9
DA:139,9
DA:140,9
DA:141,9
DA:142,9
DA:143,9
DA:144,9
DA:145,6
DA:146,6
DA:147,6
DA:148,6
DA:149,6
DA:150,6
DA:151,6
DA:152,6
DA:153,6
DA:154,6
LF:154
LH:77
BRDA:1,0,0,6
BRDA:4,1,0,6
BRDA:14,2,0,6
BRDA:25,3,0,4
BRDA:148,4,0,34
BRDA:151,5,0,17
BRDA:154,6,0,17
BRDA:40,7,0,6
BRDA:45,8,0,6
BRDA:50,9,0,6
BRDA:56,10,0,6
BRDA:133,11,0,14
BRF:12
BRH:12
end_of_record
